#
# There is insufficient memory for the Java Runtime Environment to continue.
# Native memory allocation (mmap) failed to map 65536 bytes for Failed to commit area from 0x000002506ae20000 to 0x000002506ae30000 of length 65536.
# Possible reasons:
#   The system is out of physical RAM or swap space
#   The process is running with CompressedOops enabled, and the Java Heap may be blocking the growth of the native heap
# Possible solutions:
#   Reduce memory load on the system
#   Increase physical memory or swap space
#   Check if swap backing store is full
#   Decrease Java heap size (-Xmx/-Xms)
#   Decrease number of Java threads
#   Decrease Java thread stack sizes (-Xss)
#   Set larger code cache with -XX:ReservedCodeCacheSize=
# This output file may be truncated or incomplete.
#
#  Out of Memory Error (./open/src/hotspot/os/windows/os_windows.cpp:3284), pid=13144, tid=7700
#
# JRE version:  (11.0.14+8) (build )
# Java VM: Java HotSpot(TM) 64-Bit Server VM (11.0.14+8-LTS-263, mixed mode, sharing, tiered, compressed oops, g1 gc, windows-amd64)
# No core dump will be written. Minidumps are not enabled by default on client versions of Windows
#

---------------  S U M M A R Y ------------

Command Line: -Xmx1000m -Dhadoop.log.dir=D:\Apache\hadoop-3.3.4\logs -Dyarn.log.dir=D:\Apache\hadoop-3.3.4\logs -Dhadoop.log.file=yarn.log -Dyarn.log.file=yarn.log -Dyarn.home.dir=D:\Apache\hadoop-3.3.4 -Dyarn.id.str= -Dhadoop.home.dir=D:\Apache\hadoop-3.3.4 -Dhadoop.root.logger=INFO,console -Dyarn.root.logger=INFO,console -Djava.library.path=D:\Apache\hadoop-3.3.4\bin -Dyarn.policy.file=hadoop-policy.xml -Djava.library.path=D:\Apache\hadoop-3.3.4\bin audit --json --non-interactive --no-progress

Host: Intel(R) Core(TM) i7-10750H CPU @ 2.60GHz, 12 cores, 15G,  Windows 10 , 64 bit Build 19041 (10.0.19041.1889)
Time: Sun Oct  2 12:52:05 2022 中国标准时间 elapsed time: 0.014025 seconds (0d 0h 0m 0s)

---------------  T H R E A D  ---------------

Current thread (0x000002505402a800):  JavaThread "Unknown thread" [_thread_in_vm, id=7700, stack(0x000000e2b3c00000,0x000000e2b3d00000)]

Stack: [0x000000e2b3c00000,0x000000e2b3d00000]
Native frames: (J=compiled Java code, j=interpreted, Vv=VM code, C=native code)
V  [jvm.dll+0x6296da]
V  [jvm.dll+0x76323f]
V  [jvm.dll+0x7648e9]
V  [jvm.dll+0x764f73]
V  [jvm.dll+0x23d7c8]
V  [jvm.dll+0x626a5a]
V  [jvm.dll+0x61b7f5]
V  [jvm.dll+0x2f262c]
V  [jvm.dll+0x2f24b2]
V  [jvm.dll+0x2f72f0]
V  [jvm.dll+0x339c2b]
V  [jvm.dll+0x339610]
V  [jvm.dll+0x2cfc48]
V  [jvm.dll+0x2d0db6]
V  [jvm.dll+0x73d857]
V  [jvm.dll+0x73f0ef]
V  [jvm.dll+0x346909]
V  [jvm.dll+0x723160]
V  [jvm.dll+0x3b551f]
V  [jvm.dll+0x3b7631]
C  [jli.dll+0x5207]
C  [ucrtbase.dll+0x21bb2]
C  [KERNEL32.DLL+0x17034]
C  [ntdll.dll+0x526a1]


---------------  P R O C E S S  ---------------

Threads class SMR info:
_java_thread_list=0x0000025051dba580, length=0, elements={
}

Java Threads: ( => current thread )

Other Threads:
  0x000002505403b800 GCTaskThread "GC Thread#0" [stack: 0x000000e2b3d00000,0x000000e2b3e00000] [id=6988]
  0x0000025054059800 ConcurrentGCThread "G1 Main Marker" [stack: 0x000000e2b3e00000,0x000000e2b3f00000] [id=2668]
  0x000002505405a800 ConcurrentGCThread "G1 Conc#0" [stack: 0x000000e2b3f00000,0x000000e2b4000000] [id=13732]

[error occurred during error reporting (printing all threads), id 0xc0000005, EXCEPTION_ACCESS_VIOLATION (0xc0000005) at pc=0x00007ffe731ceed7]

VM state:not at safepoint (not fully initialized)

VM Mutex/Monitor currently owned by a thread:  ([mutex/lock_event])
[0x0000025054025ad0] Heap_lock - owner thread: 0x000002505402a800

Heap address: 0x00000000c1800000, size: 1000 MB, Compressed Oops mode: Non-zero based: 0x00000000c1800000
Narrow klass base: 0x0000000000000000, Narrow klass shift: 0

GC Heap History (0 events):
No events

Deoptimization events (0 events):
No events

Classes redefined (0 events):
No events

Internal exceptions (0 events):
No events

Events (0 events):
No events


Dynamic libraries:
0x00007ff697120000 - 0x00007ff69712f000 	D:\JAVA\jdk11\bin\java.exe
0x00007ffee6010000 - 0x00007ffee6208000 	C:\WINDOWS\SYSTEM32\ntdll.dll
0x00007ffee50e0000 - 0x00007ffee519d000 	C:\WINDOWS\System32\KERNEL32.DLL
0x00007ffee3730000 - 0x00007ffee39fe000 	C:\WINDOWS\System32\KERNELBASE.dll
0x00007ffee3f00000 - 0x00007ffee4000000 	C:\WINDOWS\System32\ucrtbase.dll
0x00007ffecabd0000 - 0x00007ffecabe8000 	D:\JAVA\jdk11\bin\jli.dll
0x00007ffec9040000 - 0x00007ffec9055000 	D:\JAVA\jdk11\bin\VCRUNTIME140.dll
0x00007ffee4f60000 - 0x00007ffee500e000 	C:\WINDOWS\System32\ADVAPI32.dll
0x00007ffee57b0000 - 0x00007ffee584e000 	C:\WINDOWS\System32\msvcrt.dll
0x00007ffee5be0000 - 0x00007ffee5c7c000 	C:\WINDOWS\System32\sechost.dll
0x00007ffee5dd0000 - 0x00007ffee5ef5000 	C:\WINDOWS\System32\RPCRT4.dll
0x00007ffee51a0000 - 0x00007ffee5340000 	C:\WINDOWS\System32\USER32.dll
0x00007ffee3ed0000 - 0x00007ffee3ef2000 	C:\WINDOWS\System32\win32u.dll
0x00007ffee4e30000 - 0x00007ffee4e5a000 	C:\WINDOWS\System32\GDI32.dll
0x00007ffecf600000 - 0x00007ffecf89a000 	C:\WINDOWS\WinSxS\amd64_microsoft.windows.common-controls_6595b64144ccf1df_6.0.19041.1110_none_60b5254171f9507e\COMCTL32.dll
0x00007ffee3cf0000 - 0x00007ffee3dfb000 	C:\WINDOWS\System32\gdi32full.dll
0x00007ffee3e30000 - 0x00007ffee3ecd000 	C:\WINDOWS\System32\msvcp_win.dll
0x00007ffed9440000 - 0x00007ffed944a000 	C:\WINDOWS\SYSTEM32\VERSION.dll
0x00007ffee5bb0000 - 0x00007ffee5be0000 	C:\WINDOWS\System32\IMM32.DLL
0x00007ffebfdd0000 - 0x00007ffebfe6b000 	D:\JAVA\jdk11\bin\msvcp140.dll
0x00007ffe72ef0000 - 0x00007ffe73a06000 	D:\JAVA\jdk11\bin\server\jvm.dll
0x00007ffee4310000 - 0x00007ffee4318000 	C:\WINDOWS\System32\PSAPI.DLL
0x00007ffee0ab0000 - 0x00007ffee0ab9000 	C:\WINDOWS\SYSTEM32\WSOCK32.dll
0x00007ffed64e0000 - 0x00007ffed6507000 	C:\WINDOWS\SYSTEM32\WINMM.dll
0x00007ffee5070000 - 0x00007ffee50db000 	C:\WINDOWS\System32\WS2_32.dll
0x00007ffee1fb0000 - 0x00007ffee1fc2000 	C:\WINDOWS\SYSTEM32\kernel.appcore.dll
0x00007ffedcbc0000 - 0x00007ffedcbd0000 	D:\JAVA\jdk11\bin\verify.dll
0x00007ffee1520000 - 0x00007ffee1704000 	C:\WINDOWS\SYSTEM32\DBGHELP.DLL
0x00007ffec6780000 - 0x00007ffec67ac000 	C:\WINDOWS\SYSTEM32\dbgcore.DLL
0x00007ffee3a00000 - 0x00007ffee3a82000 	C:\WINDOWS\System32\bcryptPrimitives.dll
0x00007ffec6890000 - 0x00007ffec68b8000 	D:\JAVA\jdk11\bin\java.dll
0x00007ffedc9a0000 - 0x00007ffedc9aa000 	D:\JAVA\jdk11\bin\jimage.dll
0x00007ffec9020000 - 0x00007ffec9036000 	D:\JAVA\jdk11\bin\zip.dll

dbghelp: loaded successfully - version: 4.0.5 - missing functions: none
symbol engine: initialized successfully - sym options: 0x614 - pdb path: .;D:\JAVA\jdk11\bin;C:\WINDOWS\SYSTEM32;C:\WINDOWS\WinSxS\amd64_microsoft.windows.common-controls_6595b64144ccf1df_6.0.19041.1110_none_60b5254171f9507e;D:\JAVA\jdk11\bin\server

VM Arguments:
jvm_args: -Xmx1000m -Dhadoop.log.dir=D:\Apache\hadoop-3.3.4\logs -Dyarn.log.dir=D:\Apache\hadoop-3.3.4\logs -Dhadoop.log.file=yarn.log -Dyarn.log.file=yarn.log -Dyarn.home.dir=D:\Apache\hadoop-3.3.4 -Dyarn.id.str= -Dhadoop.home.dir=D:\Apache\hadoop-3.3.4 -Dhadoop.root.logger=INFO,console -Dyarn.root.logger=INFO,console -Djava.library.path=D:\Apache\hadoop-3.3.4\bin -Dyarn.policy.file=hadoop-policy.xml -Djava.library.path=D:\Apache\hadoop-3.3.4\bin 
java_command: audit --json --non-interactive --no-progress
java_class_path (initial): D:\Apache\hadoop-3.3.4\etc\hadoop;D:\Apache\hadoop-3.3.4\etc\hadoop;D:\Apache\hadoop-3.3.4\etc\hadoop;D:\Apache\hadoop-3.3.4\share\hadoop\common;D:\Apache\hadoop-3.3.4\share\hadoop\common\lib\accessors-smart-2.4.7.jar;D:\Apache\hadoop-3.3.4\share\hadoop\common\lib\animal-sniffer-annotations-1.17.jar;D:\Apache\hadoop-3.3.4\share\hadoop\common\lib\asm-5.0.4.jar;D:\Apache\hadoop-3.3.4\share\hadoop\common\lib\audience-annotations-0.5.0.jar;D:\Apache\hadoop-3.3.4\share\hadoop\common\lib\avro-1.7.7.jar;D:\Apache\hadoop-3.3.4\share\hadoop\common\lib\checker-qual-2.5.2.jar;D:\Apache\hadoop-3.3.4\share\hadoop\common\lib\commons-beanutils-1.9.4.jar;D:\Apache\hadoop-3.3.4\share\hadoop\common\lib\commons-cli-1.2.jar;D:\Apache\hadoop-3.3.4\share\hadoop\common\lib\commons-codec-1.15.jar;D:\Apache\hadoop-3.3.4\share\hadoop\common\lib\commons-collections-3.2.2.jar;D:\Apache\hadoop-3.3.4\share\hadoop\common\lib\commons-compress-1.21.jar;D:\Apache\hadoop-3.3.4\share\hadoop\common\lib\commons-configuration2-2.1.1.jar;D:\Apache\hadoop-3.3.4\share\hadoop\common\lib\commons-daemon-1.0.13.jar;D:\Apache\hadoop-3.3.4\share\hadoop\common\lib\commons-io-2.8.0.jar;D:\Apache\hadoop-3.3.4\share\hadoop\common\lib\commons-lang3-3.12.0.jar;D:\Apache\hadoop-3.3.4\share\hadoop\common\lib\commons-logging-1.1.3.jar;D:\Apache\hadoop-3.3.4\share\hadoop\common\lib\commons-math3-3.1.1.jar;D:\Apache\hadoop-3.3.4\share\hadoop\common\lib\commons-net-3.6.jar;D:\Apache\hadoop-3.3.4\share\hadoop\common\lib\commons-text-1.4.jar;D:\Apache\hadoop-3.3.4\share\hadoop\common\lib\curator-client-4.2.0.jar;D:\Apache\hadoop-3.3.4\share\hadoop\common\lib\curator-framework-4.2.0.jar;D:\Apache\hadoop-3.3.4\share\hadoop\common\lib\curator-recipes-4.2.0.jar;D:\Apache\hadoop-3.3.4\share\hadoop\common\lib\dnsjava-2.1.7.jar;D:\Apache\hadoop-3.3.4\share\hadoop\common\lib\failureaccess-1.0.jar;D:\Apache\hadoop-3.3.4\share\hadoop\common\lib\gson-2.8.9.jar;D:\Apache\hadoop-3.3.4\share\hadoop\common\lib\gu
Launcher Type: SUN_STANDARD

[Global flags]
     intx CICompilerCount                          = 4                                         {product} {ergonomic}
     uint ConcGCThreads                            = 3                                         {product} {ergonomic}
     uint G1ConcRefinementThreads                  = 10                                        {product} {ergonomic}
   size_t G1HeapRegionSize                         = 1048576                                   {product} {ergonomic}
    uintx GCDrainStackTargetSize                   = 64                                        {product} {ergonomic}
   size_t InitialHeapSize                          = 268435456                                 {product} {ergonomic}
   size_t MarkStackSize                            = 4194304                                   {product} {ergonomic}
   size_t MaxHeapSize                              = 1048576000                                {product} {command line}
   size_t MinHeapDeltaBytes                        = 1048576                                   {product} {ergonomic}
    uintx NonNMethodCodeHeapSize                   = 5836300                                {pd product} {ergonomic}
    uintx NonProfiledCodeHeapSize                  = 122910970                              {pd product} {ergonomic}
    uintx ProfiledCodeHeapSize                     = 122910970                              {pd product} {ergonomic}
    uintx ReservedCodeCacheSize                    = 251658240                              {pd product} {ergonomic}
     bool SegmentedCodeCache                       = true                                      {product} {ergonomic}
     bool UseCompressedClassPointers               = true                                 {lp64_product} {ergonomic}
     bool UseCompressedOops                        = true                                 {lp64_product} {ergonomic}
     bool UseG1GC                                  = true                                      {product} {ergonomic}
     bool UseLargePagesIndividualAllocation        = false                                  {pd product} {ergonomic}

Logging:
Log output configuration:
 #0: stdout all=warning uptime,level,tags
 #1: stderr all=off uptime,level,tags

Environment Variables:
JAVA_HOME=D:\JAVA\jdk11
CLASSPATH=D:\Apache\hadoop-3.3.4\etc\hadoop;D:\Apache\hadoop-3.3.4\etc\hadoop;D:\Apache\hadoop-3.3.4\etc\hadoop;D:\Apache\hadoop-3.3.4\share\hadoop\common;D:\Apache\hadoop-3.3.4\share\hadoop\common\lib\*;D:\Apache\hadoop-3.3.4\share\hadoop\common\*;D:\Apache\hadoop-3.3.4\share\hadoop\hdfs;D:\Apache\hadoop-3.3.4\share\hadoop\hdfs\lib\*;D:\Apache\hadoop-3.3.4\share\hadoop\hdfs\*;D:\Apache\hadoop-3.3.4\share\hadoop\yarn;D:\Apache\hadoop-3.3.4\share\hadoop\yarn\lib\*;D:\Apache\hadoop-3.3.4\share\hadoop\yarn\*;D:\Apache\hadoop-3.3.4\share\hadoop\mapreduce\*;D:\Apache\hadoop-3.3.4\share\hadoop\yarn\*;D:\Apache\hadoop-3.3.4\share\hadoop\yarn\lib\*;D:\allProject\WebProejct\Vue\电商后台管理系统项目实战\shop
PATH=D:\allProject\WebProejct\Vue\电商后台管理系统项目实战\shop\node_modules\.bin;D:\allProject\WebProejct\Vue\电商后台管理系统项目实战\node_modules\.bin;D:\allProject\WebProejct\Vue\node_modules\.bin;D:\allProject\WebProejct\node_modules\.bin;D:\allProject\node_modules\.bin;D:\node_modules\.bin;D:\node;D:\Apache\VM\bin\;C:\Program Files\Common Files\Oracle\Java\javapath;C:\Program Files (x86)\Common Files\Oracle\Java\javapath;D:\Anaconda;D:\Anaconda\Library\mingw-w64\bin;D:\Anaconda\Library\usr\bin;D:\Anaconda\Library\bin;D:\Anaconda\Scripts;C:\Windows\system32;C:\Windows;C:\Windows\System32\Wbem;C:\Windows\System32\WindowsPowerShell\v1.0\;C:\Windows\System32\OpenSSH\;C:\Program Files\NVIDIA Corporation\NVIDIA NvDLISR;C:\WINDOWS\system32;C:\WINDOWS;C:\WINDOWS\System32\Wbem;C:\WINDOWS\System32\WindowsPowerShell\v1.0\;C:\WINDOWS\System32\OpenSSH\;C:\Program Files (x86)\Git\cmd;D:\JAVA\apache-maven-3.8.3\bin;D:\matlab\runtime\win64;D:\matlab\bin;D:\matlab\polyspace\bin;D:\LINGO64_18\;C:\Program Files\Docker\Docker\resources\bin;C:\ProgramData\DockerDesktop\version-bin;D:\Desktop\Android\Sdk\platform-tools;D:\JAVA\jdk11\jre\bin;D:\JAVA\jdk11\bin;D:\DataBase\mysql-8.0.29-winx64\bin;C:\Program Files (x86)\NVIDIA Corporation\PhysX\Common;D:\node\;C:\Program Files\dotnet\;D:\APITool\elasticsearch-6.4.3\bin;D:\Apache\hadoop-3.3.4\bin;D:\Apache\hadoop-3.3.4\sbin;D:\Python\Python39\Scripts\;D:\Python\Python39;C:\Users\lenovo\AppData\Local\Microsoft\WindowsApps;D:\PyCharm Community Edition 2021.3.2\bin;;D:\Microsoft VS Code\bin;D:\JAVA\jdk-11.0.14\bin;C:\Users\lenovo\AppData\Roaming\npm;C:\Users\lenovo\.dotnet\tools
USERNAME=lenovo
OS=Windows_NT
PROCESSOR_IDENTIFIER=Intel64 Family 6 Model 165 Stepping 2, GenuineIntel



---------------  S Y S T E M  ---------------

OS: Windows 10 , 64 bit Build 19041 (10.0.19041.1889)

CPU:total 12 (initial active 12) (6 cores per cpu, 2 threads per core) family 6 model 165 stepping 2 microcode 0xc8, cmov, cx8, fxsr, mmx, sse, sse2, sse3, ssse3, sse4.1, sse4.2, popcnt, avx, avx2, aes, clmul, erms, 3dnowpref, lzcnt, ht, tsc, tscinvbit, bmi1, bmi2, adx, fma

Memory: 4k page, system-wide physical 16291M (4196M free)
TotalPageFile size 19223M (AvailPageFile size 4M)
current process WorkingSet (physical memory assigned to process): 18M, peak: 18M
current process commit charge ("private bytes"): 329M, peak: 329M

vm_info: Java HotSpot(TM) 64-Bit Server VM (11.0.14+8-LTS-263) for windows-amd64 JRE (11.0.14+8-LTS-263), built on Dec  7 2021 21:53:57 by "mach5one" with MS VC++ 15.9 (VS2017)

END.
